-0.01
-0.01
-0.01
-0.01
0.00
0.03
0.02
0.01
0.02
-0.01
-0.01
-0.01
-0.00
0.00
0.00
0.00
0.01
0.02
0.01
-0.00
0.01
0.00
-0.01
0.00
0.00
0.00
0.01
0.01
0.02
0.02
-0.00
-0.00
-0.01
-0.01
-0.01
-0.00
0.00
0.01
0.01
0.01
0.00
-0.00
-0.00
-0.00
-0.00
-0.00
0.01
0.01
0.00
0.00
0.01
0.01
0.00
0.00
-0.00
-0.01
-0.00
-0.00
-0.00
0.00
-0.00
0.00
0.00
-0.00
0.00
0.00
0.00
0.00
-0.00
0.00
0.00
0.00
0.01
0.01
0.00
0.00
0.00
-0.00
0.00
0.00
-0.00
-0.00
-0.00
-0.00
-0.00
-0.01
-0.00
-0.00
-0.00
0.00
-0.00
-0.01
-0.01
-0.01
-0.00
-0.00
-0.00
-0.00
0.00
-0.01
-0.00
-0.01
-0.00
-0.01
-0.00
-0.00
-0.01
-0.00
-0.00
-0.01
-0.01
-0.01
-0.01
-0.01
-0.00
-0.01
-0.01
-0.00
-0.00
-0.00
-0.00
-0.00
0.00
-0.00
-0.01
-0.00
-0.00
-0.01
-0.01
-0.00
-0.01
-0.00
-0.00
-0.01
-0.01
-0.00
-0.01
-0.01
-0.01
-0.00
-0.00
-0.01
-0.01
-0.01
-0.01
-0.01
-0.01
-0.01
-0.01
-0.00
-0.00
-0.00
-0.00
-0.00
-0.00
-0.01
-0.00
-0.00
-0.00
-0.00
-0.00
-0.00
-0.01
-0.01
-0.01
-0.00
-0.00
-0.01
-0.00
-0.00
-0.00
0.00
-0.00
-0.00
0.00
-0.00
0.00
-0.00
-0.00
-0.01
-0.00
0.00
0.00
-0.00
-0.00
-0.01
-0.01
-0.00
0.00
0.00
-0.00
-0.00
-0.00
-0.00
0.00
-0.00
0.00
0.00
0.01
-0.00
0.00
-0.00
0.00
-0.00
0.00
0.00
0.00
0.00
0.00
0.00
0.00
-0.01
-0.00
-0.00
-0.00
-0.00
-0.00
-0.00
0.00
0.00
0.00
0.00
0.00
0.00
-0.00
-0.00
-0.00
0.00
-0.00
0.01
0.01
-0.00
-0.01
-0.01
-0.01
-0.01
-0.01
-0.01
-0.01
-0.01
-0.01
-0.01
-0.01
-0.00
-0.01
-0.00
-0.00
-0.00
0.00
0.01
0.01
0.02
0.01
0.01
0.00
-0.01
0.00
0.01
0.02
-0.00
-0.02
-0.00
0.00
0.01
-0.01
-0.01
-0.00
-0.00
-0.01
-0.01
0.00
-0.00
-0.00
-0.00
-0.00
0.00
0.01
0.01
0.01
0.01
-0.00
-0.00
-0.00
-0.01
-0.00
-0.00
0.01
0.01
-0.01
-0.02
-0.02
-0.00
0.00
0.00
-0.00
-0.00
0.00
0.00
-0.01
0.02
0.01
0.00
0.00
0.00
0.00
0.00
0.00
0.00
-0.00
-0.00
-0.01
-0.01
-0.00
-0.01
-0.00
0.00
0.00
0.00
-0.01
-0.00
-0.01
-0.01
-0.00
-0.01
-0.01
-0.00
-0.00
0.00
-0.00
-0.00
0.00
0.00
-0.01
-0.01
0.00
-0.00
-0.00
-0.00
-0.00
-0.00
-0.00
0.00
-0.00
-0.01
-0.01
-0.00
-0.00
-0.00
-0.01
-0.00
-0.01
-0.01
0.01
0.03
0.12
0.15
0.06
-0.07
-0.19
-0.30
-0.48
-0.04
0.70
0.10
-0.07
0.02
-0.04
0.03
0.01
-0.01
-0.00
0.06
0.16
0.10
-0.04
-0.21
-0.31
-0.46
0.08
0.67
0.23
0.20
0.20
0.10
0.04
0.06
0.09
0.15
0.22
0.28
0.30
0.20
0.00
-0.14
-0.32
-0.55
0.19
0.65
0.07
0.09
0.24
0.15
0.04
0.07
0.15
0.24
0.28
0.27
0.14
-0.06
-0.24
-0.42
-0.21
0.77
0.38
0.21
0.19
0.11
0.04
0.04
0.10
0.14
0.17
0.24
0.31
0.16
-0.06
-0.23
-0.39
-0.18
0.71
0.36
0.13
0.20
0.11
0.03
0.07
0.16
0.19
0.26
0.27
0.16
-0.02
-0.17
-0.31
-0.38
0.39
0.43
0.35
0.25
0.10
0.07
0.05
0.06
0.09
0.14
0.21
0.29
0.29
0.13
-0.09
-0.19
-0.44
-0.22
0.74
0.26
0.16
0.20
0.11
0.08
0.04
0.10
0.22
0.27
0.29
0.17
-0.07
-0.25
-0.41
-0.61
0.17
0.23
0.09
0.02
0.11
0.02
-0.07
-0.02
0.09
0.05
-0.07
-0.14
-0.20
-0.31
-0.47
-0.28
0.49
0.33
0.27
0.16
0.00
-0.10
-0.13
-0.09
-0.06
-0.09
-0.08
-0.07
-0.04
-0.06
-0.05
-0.06
-0.04
-0.05
-0.04
-0.05
-0.05
-0.03
-0.00
0.03
0.06
-0.01
-0.11
-0.21
-0.38
-0.58
0.14
0.34
0.20
0.09
0.02
-0.09
-0.13
-0.06
-0.00
-0.04
-0.10
-0.06
-0.03
-0.03
-0.03
-0.05
-0.06
-0.05
-0.03
-0.04
-0.05
-0.05
-0.05
-0.06
-0.05
-0.05
-0.05
-0.05
-0.06
-0.05
-0.05
-0.04
-0.04
-0.03
-0.04
-0.04
-0.05
-0.05
-0.04
-0.04
-0.03
-0.04
-0.04
-0.04
-0.05
-0.04
-0.02
-0.00
0.01
0.00
-0.00
0.00
-0.01
-0.00
-0.00
-0.00
-0.00
-0.00
-0.00
-0.00
-0.00
-0.00
-0.00
-0.01
-0.01
-0.01
-0.01
-0.01
-0.02
-0.00
0.00
-0.00
-0.00
-0.00
-0.01
-0.01
-0.01
-0.01
-0.01
-0.00
0.01
-0.01
-0.01
-0.01
-0.02
-0.00
0.00
0.00
0.00
-0.01
-0.00
0.02
-0.03
-0.06
-0.02
-0.04
-0.02
-0.01
0.09
0.11
0.10
0.07
0.07
0.05
0.02
0.01
0.00
-0.01
-0.05
-0.05
-0.06
-0.02
0.02
0.02
0.01
0.02
0.02
0.01
0.02
-0.00
-0.01
-0.04
-0.01
-0.01
-0.01
0.05
0.07
0.02
-0.03
0.01
0.00
0.00
0.01
0.00
0.01
-0.01
0.00
-0.02
-0.01
0.00
-0.01
-0.01
0.00
0.01
-0.00
-0.01
-0.01
-0.00
0.02
0.01
-0.01
-0.01
-0.01
-0.01
-0.01
-0.01
-0.01
-0.01
-0.00
-0.01
-0.01
-0.01
-0.01
-0.01
-0.01
-0.01
-0.01
-0.01
-0.00
-0.01
0.00
-0.00
-0.00
-0.00
-0.00
-0.01
-0.01
-0.01
-0.01
-0.01
0.00
-0.00
-0.01
-0.01
-0.01
-0.00
-0.01
-0.01
-0.01
-0.01
-0.01
-0.01
-0.00
-0.00
-0.00
-0.01
-0.01
-0.01
-0.00
-0.00
-0.01
-0.01
-0.01
-0.02
-0.02
-0.01
-0.01
-0.01
-0.00
-0.00
-0.00
-0.00
-0.00
-0.00
-0.01
-0.01
-0.01
-0.01
-0.01
-0.01
-0.01
-0.01
-0.01
-0.01
0.00
0.00
0.00
0.00
-0.00
-0.01
-0.01
-0.01
-0.01
-0.00
-0.00
-0.00
-0.01
-0.01
-0.01
-0.01
-0.01
-0.01
-0.00
-0.00
-0.00
-0.00
-0.00
0.00
-0.00
-0.01
0.00
-0.00
-0.00
-0.00
-0.00
0.00
0.00
-0.01
-0.00
-0.00
-0.00
0.00
-0.00
0.00
-0.00
-0.01
-0.00
-0.00
0.00
0.00
0.00
-0.00
0.00
0.01
0.00
-0.00
-0.00
0.00
-0.00
0.00
-0.00
-0.00
0.00
0.00
-0.00
-0.00
0.00
0.00
-0.00
0.00
0.00
0.00
0.00
-0.00
-0.00
-0.00
-0.01
-0.00
-0.00
-0.00
-0.01
-0.00
-0.00
0.00
0.00
-0.00
0.00
-0.00
-0.01
0.00
0.01
0.00
-0.00
0.00
0.00
-0.00
0.00
-0.00
0.00
-0.00
-0.00
0.00
0.00
0.00
-0.00
0.00
-0.00
0.00
0.00
0.00
-0.00
0.00
0.01
0.00
-0.00
0.00
-0.00
0.00
-0.00
-0.00
0.00
-0.00
0.00
0.00
-0.00
-0.00
-0.00
-0.00
-0.00
-0.00
0.00
-0.00
-0.00
-0.00
0.00
0.00
0.00
-0.00
-0.00
0.00
-0.00
0.00
0.00
0.00
-0.00
0.00
-0.00
0.00
-0.00
0.00
-0.00
-0.00
-0.00
-0.01
0.00
-0.01
-0.00
0.00
-0.01
0.00
-0.00
-0.00
-0.00
-0.00
-0.00
-0.00
-0.00
-0.00
-0.01
-0.00
-0.01
-0.00
-0.00
0.00
0.00
0.00
0.00
-0.00
-0.00
-0.01
-0.01
-0.00
-0.00
0.00
0.00
0.00
0.00
0.00
0.00
0.01
0.00
0.00
-0.00
0.00
-0.00
-0.01
-0.00
0.00
0.00
-0.00
-0.01
-0.00
-0.00
-0.00
0.00
-0.00
-0.01
-0.00
-0.00
-0.01
-0.00
0.00
0.00
-0.00
-0.00
0.00
0.00
0.00
-0.00
-0.00
-0.00
-0.00
0.00
0.00
0.00
0.00
-0.00
0.00
0.00
0.00
0.00
0.00
0.00
0.01
0.00
0.00
0.00
-0.00
0.00
-0.01
-0.00
-0.00
-0.00
0.00
0.00
-0.00
0.00
-0.00
-0.01
0.00
0.02
0.00
0.00
0.01
0.00
-0.00
0.00
0.00
-0.00
-0.00
0.00
-0.01
-0.00
0.01
0.00
0.01
0.00
0.00
0.00
-0.00
-0.00
0.00
0.01
0.00
0.00
0.00
0.00
0.00
-0.01
-0.01
-0.00
-0.00
0.00
0.00
0.01
0.00
0.00
0.01
0.01
0.00
-0.00
0.00
-0.00
-0.00
0.00
-0.00
-0.00
0.01
0.01
0.01
-0.00
-0.00
-0.00
-0.00
-0.00
-0.00
0.00
0.01
0.01
0.01
0.01
0.00
0.01
0.00
0.00
0.00
0.00
0.00
0.00
0.00
-0.00
-0.00
-0.00
-0.00
-0.00
-0.00
-0.00
-0.00
-0.00
-0.00
-0.01
-0.00
0.00
-0.00
0.00
-0.00
-0.00
-0.00
0.00
-0.00
-0.00
-0.00
-0.01
-0.01
0.00
0.00
-0.00
-0.00
0.00
0.00
0.00
0.00
-0.00
-0.00
-0.00
-0.00
-0.00
-0.00
-0.00
0.00
-0.00
-0.01
-0.00
-0.00
-0.00
-0.01
-0.00
-0.00
-0.00
-0.00
0.01
0.00
0.00
0.00
0.00
-0.00
0.00
-0.00
-0.00
-0.00
-0.00
-0.00
-0.00
-0.00
0.00
0.01
-0.00
-0.00
-0.00
-0.01
-0.00
0.00
0.00
-0.00
0.00
0.00
0.00
-0.00
-0.01
-0.00
-0.00
0.00
0.01
0.01
0.01
-0.00
-0.00
-0.00
-0.00
0.00
-0.00
0.00
0.00
0.00
-0.00
0.00
0.00
0.00
0.01
-0.00
-0.00
-0.01
-0.00
-0.00
0.00
0.00
0.00
0.00
0.00
-0.01
-0.00
0.00
-0.00
-0.00
-0.00
-0.01
0.00
-0.00
-0.00
0.00
-0.00
-0.00
0.00
0.01
0.01
0.01
0.01
0.01
0.01
0.01
0.00
-0.00
-0.01
-0.00
-0.01
-0.01
-0.01
-0.01
-0.00
0.01
-0.00
0.00
-0.00
-0.00
-0.02
0.02
0.02
-0.00
-0.01
0.00
0.00
0.01
0.01
0.02
0.01
0.01
-0.00
-0.00
-0.00
-0.00
-0.00
-0.00
-0.00
-0.01
-0.01
-0.01
0.00
-0.00
0.00
0.01
0.01
-0.00
0.00
-0.01
-0.00
-0.01
-0.00
0.01
0.01
0.00
0.00
0.00
-0.02
-0.01
-0.00
-0.01
-0.01
-0.00
0.00
0.00
0.01
0.01
0.01
0.00
0.00
-0.00
-0.01
0.00
-0.01
0.00
0.00
0.00
-0.01
0.00
0.01
0.00
0.00
0.00
0.00
-0.00
0.00
-0.00
-0.00
-0.00
-0.00
0.00
0.01
0.00
0.00
0.00
0.00
0.00
0.00
-0.00
-0.00
-0.00
-0.00
0.00
-0.00
-0.00
-0.00
-0.00
0.01
0.00
0.00
0.00
0.00
0.01
0.00
0.01
0.01
0.00
0.00
0.01
0.00
0.01
0.00
-0.00
0.00
0.00
0.01
0.01
0.00
0.00
-0.00
0.00
0.00
-0.00
0.00
0.00
0.01
0.00
0.00
0.00
0.00
0.01
-0.00
0.00
-0.01
-0.01
0.00
-0.00
0.00
0.01
0.01
0.01
0.00
0.00
-0.00
-0.00
0.00
0.00
0.00
0.00
0.00
0.00
0.00
-0.00
-0.00
-0.00
0.00
0.00
0.00
0.01
0.00
-0.00
-0.00
-0.00
0.00
0.00
0.01
0.00
0.00
0.00
0.01
0.00
-0.00
-0.01
-0.00
-0.00
0.00
-0.00
-0.00
0.00
0.00
0.00
0.00
-0.00
-0.01
-0.01
0.00
0.01
0.01
0.01
-0.00
-0.01
0.00
-0.02
-0.01
0.00
-0.01
-0.00
0.00
-0.00
0.00
-0.00
-0.00
-0.00
0.02
0.01
0.01
-0.00
-0.00
-0.00
-0.01
-0.01
0.00
-0.00
-0.00
-0.00
-0.01
0.00
0.01
0.01
0.01
0.00
0.00
-0.01
-0.01
-0.00
-0.00
0.00
0.00
-0.00
-0.01
-0.01
0.00
0.00
-0.01
-0.01
0.01
0.01
0.00
0.00
-0.00
0.00
-0.01
0.00
0.01
0.00
0.00
-0.00
-0.00
-0.00
0.00
-0.00
-0.00
-0.00
0.00
0.01
0.02
0.00
0.00
-0.01
-0.01
-0.01
0.00
0.00
0.00
0.00
0.00
0.00
0.01
0.01
0.01
0.00
0.01
0.01
0.00
-0.00
0.00
0.00
-0.00
-0.00
0.00
0.01
0.01
0.00
0.00
0.00
0.00
0.00
0.00
0.01
0.01
0.00
0.01
0.00
0.01
0.01
0.00
0.00
0.00
0.00
0.00
0.00
0.00
0.00
0.00
0.00
0.00
0.01
0.00
0.00
0.01
0.01
0.01
0.01
0.01
0.01
0.01
0.01
0.01
0.01
0.00
0.01
0.01
0.01
0.01
0.00
0.00
0.01
0.01
0.01
0.00
0.00
-0.00
0.00
-0.00
0.00
0.01
0.01
0.00
0.00
0.00
0.00
0.00
0.00
-0.00
0.00
0.01
0.01
0.00
0.01
0.00
-0.00
0.00
0.00
0.00
0.00
-0.00
0.01
-0.00
-0.00
-0.00
0.00
0.00
0.00
0.00
0.00
-0.00
0.00
0.01
0.00
0.00
-0.00
0.00
0.00
0.00
-0.00
-0.00
0.00
-0.00
0.00
0.00
-0.00
0.00
0.00
-0.00
-0.00
-0.00
-0.00
-0.00
0.00
-0.00
0.00
0.00
0.00
0.01
-0.00
0.00
0.00
0.01
0.01
-0.00
0.00
-0.00
-0.01
-0.00
-0.00
0.00
-0.00
0.01
0.00
-0.00
-0.00
-0.00
-0.00
0.00
0.01
0.00
-0.00
-0.00
0.01
0.01
0.01
0.01
0.00
0.00
-0.00
-0.00
0.00
0.00
-0.00
0.00
